[2023-11-24 15:52:59] laravel.EMERGENCY: Unable to create configured logger. Using emergency logger. {"exception":"[object] (Error(code: 0): Class \"Illuminate\\Support\\Collection\" not found at C:\\Users\\TECH-LOG\\Desktop\\M & Rol Logistics\\web mrol\\importaciones-mrol\\vendor\\laravel\\framework\\src\\Illuminate\\Support\\helpers.php:110)
[stacktrace]
#0 C:\\Users\\TECH-LOG\\Desktop\\M & Rol Logistics\\web mrol\\importaciones-mrol\\vendor\\laravel\\framework\\src\\Illuminate\\Log\\LogManager.php(240): collect()
#1 C:\\Users\\TECH-LOG\\Desktop\\M & Rol Logistics\\web mrol\\importaciones-mrol\\vendor\\laravel\\framework\\src\\Illuminate\\Log\\LogManager.php(202): Illuminate\\Log\\LogManager->createStackDriver()
#2 C:\\Users\\TECH-LOG\\Desktop\\M & Rol Logistics\\web mrol\\importaciones-mrol\\vendor\\laravel\\framework\\src\\Illuminate\\Log\\LogManager.php(118): Illuminate\\Log\\LogManager->resolve()
#3 C:\\Users\\TECH-LOG\\Desktop\\M & Rol Logistics\\web mrol\\importaciones-mrol\\vendor\\laravel\\framework\\src\\Illuminate\\Log\\LogManager.php(98): Illuminate\\Log\\LogManager->get()
#4 C:\\Users\\TECH-LOG\\Desktop\\M & Rol Logistics\\web mrol\\importaciones-mrol\\vendor\\laravel\\framework\\src\\Illuminate\\Log\\LogManager.php(543): Illuminate\\Log\\LogManager->driver()
#5 C:\\Users\\TECH-LOG\\Desktop\\M & Rol Logistics\\web mrol\\importaciones-mrol\\vendor\\laravel\\framework\\src\\Illuminate\\Foundation\\Exceptions\\Handler.php(118): Illuminate\\Log\\LogManager->error()
#6 C:\\Users\\TECH-LOG\\Desktop\\M & Rol Logistics\\web mrol\\importaciones-mrol\\app\\Exceptions\\Handler.php(39): Illuminate\\Foundation\\Exceptions\\Handler->report()
#7 C:\\Users\\TECH-LOG\\Desktop\\M & Rol Logistics\\web mrol\\importaciones-mrol\\vendor\\laravel\\framework\\src\\Illuminate\\Foundation\\Bootstrap\\HandleExceptions.php(88): App\\Exceptions\\Handler->report()
#8 C:\\Users\\TECH-LOG\\Desktop\\M & Rol Logistics\\web mrol\\importaciones-mrol\\vendor\\laravel\\framework\\src\\Illuminate\\Foundation\\Bootstrap\\HandleExceptions.php(130): Illuminate\\Foundation\\Bootstrap\\HandleExceptions->handleException()
#9 [internal function]: Illuminate\\Foundation\\Bootstrap\\HandleExceptions->handleShutdown()
#10 {main}
"} 
[2023-11-24 15:52:59] laravel.ERROR: During inheritance of ArrayAccess: Uncaught ErrorException: Return type of Illuminate\Support\Collection::offsetExists($key) should either be compatible with ArrayAccess::offsetExists(mixed $offset): bool, or the #[\ReturnTypeWillChange] attribute should be used to temporarily suppress the notice in C:\Users\TECH-LOG\Desktop\M & Rol Logistics\web mrol\importaciones-mrol\vendor\laravel\framework\src\Illuminate\Support\Collection.php:1349
Stack trace:
#0 C:\Users\TECH-LOG\Desktop\M & Rol Logistics\web mrol\importaciones-mrol\vendor\laravel\framework\src\Illuminate\Support\Collection.php(11): Illuminate\Foundation\Bootstrap\HandleExceptions->handleError()
#1 C:\Users\TECH-LOG\Desktop\M & Rol Logistics\web mrol\importaciones-mrol\vendor\composer\ClassLoader.php(571): include('...')
#2 C:\Users\TECH-LOG\Desktop\M & Rol Logistics\web mrol\importaciones-mrol\vendor\composer\ClassLoader.php(428): Composer\Autoload\includeFile()
#3 C:\Users\TECH-LOG\Desktop\M & Rol Logistics\web mrol\importaciones-mrol\vendor\laravel\framework\src\Illuminate\Support\helpers.php(110): Composer\Autoload\ClassLoader->loadClass()
#4 C:\Users\TECH-LOG\Desktop\M & Rol Logistics\web mrol\importaciones-mrol\vendor\laravel\framework\src\Illuminate\Foundation\PackageManifest.php(130): collect()
#5 C:\Users\TECH-LOG\Desktop\M & Rol Logistics\web mrol\importaciones-mrol\vendor\laravel\framework\src\Illuminate\Foundation\PackageManifest.php(106): Illuminate\Foundation\PackageManifest->build()
#6 C:\Users\TECH-LOG\Desktop\M & Rol Logistics\web mrol\importaciones-mrol\vendor\laravel\framework\src\Illuminate\Foundation\PackageManifest.php(89): Illuminate\Foundation\PackageManifest->getManifest()
#7 C:\Users\TECH-LOG\Desktop\M & Rol Logistics\web mrol\importaciones-mrol\vendor\laravel\framework\src\Illuminate\Foundation\PackageManifest.php(78): Illuminate\Foundation\PackageManifest->config()
#8 C:\Users\TECH-LOG\Desktop\M & Rol Logistics\web mrol\importaciones-mrol\vendor\laravel\framework\src\Illuminate\Foundation\Bootstrap\RegisterFacades.php(26): Illuminate\Foundation\PackageManifest->aliases()
#9 C:\Users\TECH-LOG\Desktop\M & Rol Logistics\web mrol\importaciones-mrol\vendor\laravel\framework\src\Illuminate\Foundation\Application.php(230): Illuminate\Foundation\Bootstrap\RegisterFacades->bootstrap()
#10 C:\Users\TECH-LOG\Desktop\M & Rol Logistics\web mrol\importaciones-mrol\vendor\laravel\framework\src\Illuminate\Foundation\Console\Kernel.php(310): Illuminate\Foundation\Application->bootstrapWith()
#11 C:\Users\TECH-LOG\Desktop\M & Rol Logistics\web mrol\importaciones-mrol\vendor\laravel\framework\src\Illuminate\Foundation\Console\Kernel.php(127): Illuminate\Foundation\Console\Kernel->bootstrap()
#12 Command line code(1): Illuminate\Foundation\Console\Kernel->handle()
#13 {main} {"exception":"[object] (Symfony\\Component\\ErrorHandler\\Error\\FatalError(code: 0): During inheritance of ArrayAccess: Uncaught ErrorException: Return type of Illuminate\\Support\\Collection::offsetExists($key) should either be compatible with ArrayAccess::offsetExists(mixed $offset): bool, or the #[\\ReturnTypeWillChange] attribute should be used to temporarily suppress the notice in C:\\Users\\TECH-LOG\\Desktop\\M & Rol Logistics\\web mrol\\importaciones-mrol\\vendor\\laravel\\framework\\src\\Illuminate\\Support\\Collection.php:1349
Stack trace:
#0 C:\\Users\\TECH-LOG\\Desktop\\M & Rol Logistics\\web mrol\\importaciones-mrol\\vendor\\laravel\\framework\\src\\Illuminate\\Support\\Collection.php(11): Illuminate\\Foundation\\Bootstrap\\HandleExceptions->handleError()
#1 C:\\Users\\TECH-LOG\\Desktop\\M & Rol Logistics\\web mrol\\importaciones-mrol\\vendor\\composer\\ClassLoader.php(571): include('...')
#2 C:\\Users\\TECH-LOG\\Desktop\\M & Rol Logistics\\web mrol\\importaciones-mrol\\vendor\\composer\\ClassLoader.php(428): Composer\\Autoload\\includeFile()
#3 C:\\Users\\TECH-LOG\\Desktop\\M & Rol Logistics\\web mrol\\importaciones-mrol\\vendor\\laravel\\framework\\src\\Illuminate\\Support\\helpers.php(110): Composer\\Autoload\\ClassLoader->loadClass()
#4 C:\\Users\\TECH-LOG\\Desktop\\M & Rol Logistics\\web mrol\\importaciones-mrol\\vendor\\laravel\\framework\\src\\Illuminate\\Foundation\\PackageManifest.php(130): collect()
#5 C:\\Users\\TECH-LOG\\Desktop\\M & Rol Logistics\\web mrol\\importaciones-mrol\\vendor\\laravel\\framework\\src\\Illuminate\\Foundation\\PackageManifest.php(106): Illuminate\\Foundation\\PackageManifest->build()
#6 C:\\Users\\TECH-LOG\\Desktop\\M & Rol Logistics\\web mrol\\importaciones-mrol\\vendor\\laravel\\framework\\src\\Illuminate\\Foundation\\PackageManifest.php(89): Illuminate\\Foundation\\PackageManifest->getManifest()
#7 C:\\Users\\TECH-LOG\\Desktop\\M & Rol Logistics\\web mrol\\importaciones-mrol\\vendor\\laravel\\framework\\src\\Illuminate\\Foundation\\PackageManifest.php(78): Illuminate\\Foundation\\PackageManifest->config()
#8 C:\\Users\\TECH-LOG\\Desktop\\M & Rol Logistics\\web mrol\\importaciones-mrol\\vendor\\laravel\\framework\\src\\Illuminate\\Foundation\\Bootstrap\\RegisterFacades.php(26): Illuminate\\Foundation\\PackageManifest->aliases()
#9 C:\\Users\\TECH-LOG\\Desktop\\M & Rol Logistics\\web mrol\\importaciones-mrol\\vendor\\laravel\\framework\\src\\Illuminate\\Foundation\\Application.php(230): Illuminate\\Foundation\\Bootstrap\\RegisterFacades->bootstrap()
#10 C:\\Users\\TECH-LOG\\Desktop\\M & Rol Logistics\\web mrol\\importaciones-mrol\\vendor\\laravel\\framework\\src\\Illuminate\\Foundation\\Console\\Kernel.php(310): Illuminate\\Foundation\\Application->bootstrapWith()
#11 C:\\Users\\TECH-LOG\\Desktop\\M & Rol Logistics\\web mrol\\importaciones-mrol\\vendor\\laravel\\framework\\src\\Illuminate\\Foundation\\Console\\Kernel.php(127): Illuminate\\Foundation\\Console\\Kernel->bootstrap()
#12 Command line code(1): Illuminate\\Foundation\\Console\\Kernel->handle()
#13 {main} at C:\\Users\\TECH-LOG\\Desktop\\M & Rol Logistics\\web mrol\\importaciones-mrol\\vendor\\laravel\\framework\\src\\Illuminate\\Support\\Collection.php:11)
[stacktrace]
#0 {main}
"} 
[2023-11-24 15:52:59] laravel.EMERGENCY: Unable to create configured logger. Using emergency logger. {"exception":"[object] (Error(code: 0): Class \"Illuminate\\Support\\Collection\" not found at C:\\Users\\TECH-LOG\\Desktop\\M & Rol Logistics\\web mrol\\importaciones-mrol\\vendor\\laravel\\framework\\src\\Illuminate\\Support\\helpers.php:110)
[stacktrace]
#0 C:\\Users\\TECH-LOG\\Desktop\\M & Rol Logistics\\web mrol\\importaciones-mrol\\vendor\\laravel\\framework\\src\\Illuminate\\Log\\LogManager.php(240): collect()
#1 C:\\Users\\TECH-LOG\\Desktop\\M & Rol Logistics\\web mrol\\importaciones-mrol\\vendor\\laravel\\framework\\src\\Illuminate\\Log\\LogManager.php(202): Illuminate\\Log\\LogManager->createStackDriver()
#2 C:\\Users\\TECH-LOG\\Desktop\\M & Rol Logistics\\web mrol\\importaciones-mrol\\vendor\\laravel\\framework\\src\\Illuminate\\Log\\LogManager.php(118): Illuminate\\Log\\LogManager->resolve()
#3 C:\\Users\\TECH-LOG\\Desktop\\M & Rol Logistics\\web mrol\\importaciones-mrol\\vendor\\laravel\\framework\\src\\Illuminate\\Log\\LogManager.php(98): Illuminate\\Log\\LogManager->get()
#4 C:\\Users\\TECH-LOG\\Desktop\\M & Rol Logistics\\web mrol\\importaciones-mrol\\vendor\\laravel\\framework\\src\\Illuminate\\Log\\LogManager.php(543): Illuminate\\Log\\LogManager->driver()
#5 C:\\Users\\TECH-LOG\\Desktop\\M & Rol Logistics\\web mrol\\importaciones-mrol\\vendor\\laravel\\framework\\src\\Illuminate\\Foundation\\Exceptions\\Handler.php(118): Illuminate\\Log\\LogManager->error()
#6 C:\\Users\\TECH-LOG\\Desktop\\M & Rol Logistics\\web mrol\\importaciones-mrol\\app\\Exceptions\\Handler.php(39): Illuminate\\Foundation\\Exceptions\\Handler->report()
#7 C:\\Users\\TECH-LOG\\Desktop\\M & Rol Logistics\\web mrol\\importaciones-mrol\\vendor\\laravel\\framework\\src\\Illuminate\\Foundation\\Bootstrap\\HandleExceptions.php(88): App\\Exceptions\\Handler->report()
#8 C:\\Users\\TECH-LOG\\Desktop\\M & Rol Logistics\\web mrol\\importaciones-mrol\\vendor\\laravel\\framework\\src\\Illuminate\\Foundation\\Bootstrap\\HandleExceptions.php(130): Illuminate\\Foundation\\Bootstrap\\HandleExceptions->handleException()
#9 [internal function]: Illuminate\\Foundation\\Bootstrap\\HandleExceptions->handleShutdown()
#10 {main}
"} 
[2023-11-24 15:52:59] laravel.ERROR: During inheritance of ArrayAccess: Uncaught ErrorException: Return type of Illuminate\Support\Collection::offsetExists($key) should either be compatible with ArrayAccess::offsetExists(mixed $offset): bool, or the #[\ReturnTypeWillChange] attribute should be used to temporarily suppress the notice in C:\Users\TECH-LOG\Desktop\M & Rol Logistics\web mrol\importaciones-mrol\vendor\laravel\framework\src\Illuminate\Support\Collection.php:1349
Stack trace:
#0 C:\Users\TECH-LOG\Desktop\M & Rol Logistics\web mrol\importaciones-mrol\vendor\laravel\framework\src\Illuminate\Support\Collection.php(11): Illuminate\Foundation\Bootstrap\HandleExceptions->handleError()
#1 C:\Users\TECH-LOG\Desktop\M & Rol Logistics\web mrol\importaciones-mrol\vendor\composer\ClassLoader.php(571): include('...')
#2 C:\Users\TECH-LOG\Desktop\M & Rol Logistics\web mrol\importaciones-mrol\vendor\composer\ClassLoader.php(428): Composer\Autoload\includeFile()
#3 C:\Users\TECH-LOG\Desktop\M & Rol Logistics\web mrol\importaciones-mrol\vendor\laravel\framework\src\Illuminate\Support\helpers.php(110): Composer\Autoload\ClassLoader->loadClass()
#4 C:\Users\TECH-LOG\Desktop\M & Rol Logistics\web mrol\importaciones-mrol\vendor\laravel\framework\src\Illuminate\Foundation\PackageManifest.php(130): collect()
#5 C:\Users\TECH-LOG\Desktop\M & Rol Logistics\web mrol\importaciones-mrol\vendor\laravel\framework\src\Illuminate\Foundation\PackageManifest.php(106): Illuminate\Foundation\PackageManifest->build()
#6 C:\Users\TECH-LOG\Desktop\M & Rol Logistics\web mrol\importaciones-mrol\vendor\laravel\framework\src\Illuminate\Foundation\PackageManifest.php(89): Illuminate\Foundation\PackageManifest->getManifest()
#7 C:\Users\TECH-LOG\Desktop\M & Rol Logistics\web mrol\importaciones-mrol\vendor\laravel\framework\src\Illuminate\Foundation\PackageManifest.php(78): Illuminate\Foundation\PackageManifest->config()
#8 C:\Users\TECH-LOG\Desktop\M & Rol Logistics\web mrol\importaciones-mrol\vendor\laravel\framework\src\Illuminate\Foundation\Bootstrap\RegisterFacades.php(26): Illuminate\Foundation\PackageManifest->aliases()
#9 C:\Users\TECH-LOG\Desktop\M & Rol Logistics\web mrol\importaciones-mrol\vendor\laravel\framework\src\Illuminate\Foundation\Application.php(230): Illuminate\Foundation\Bootstrap\RegisterFacades->bootstrap()
#10 C:\Users\TECH-LOG\Desktop\M & Rol Logistics\web mrol\importaciones-mrol\vendor\laravel\framework\src\Illuminate\Foundation\Console\Kernel.php(310): Illuminate\Foundation\Application->bootstrapWith()
#11 C:\Users\TECH-LOG\Desktop\M & Rol Logistics\web mrol\importaciones-mrol\vendor\laravel\framework\src\Illuminate\Foundation\Console\Kernel.php(127): Illuminate\Foundation\Console\Kernel->bootstrap()
#12 Command line code(1): Illuminate\Foundation\Console\Kernel->handle()
#13 {main} {"exception":"[object] (Symfony\\Component\\ErrorHandler\\Error\\FatalError(code: 0): During inheritance of ArrayAccess: Uncaught ErrorException: Return type of Illuminate\\Support\\Collection::offsetExists($key) should either be compatible with ArrayAccess::offsetExists(mixed $offset): bool, or the #[\\ReturnTypeWillChange] attribute should be used to temporarily suppress the notice in C:\\Users\\TECH-LOG\\Desktop\\M & Rol Logistics\\web mrol\\importaciones-mrol\\vendor\\laravel\\framework\\src\\Illuminate\\Support\\Collection.php:1349
Stack trace:
#0 C:\\Users\\TECH-LOG\\Desktop\\M & Rol Logistics\\web mrol\\importaciones-mrol\\vendor\\laravel\\framework\\src\\Illuminate\\Support\\Collection.php(11): Illuminate\\Foundation\\Bootstrap\\HandleExceptions->handleError()
#1 C:\\Users\\TECH-LOG\\Desktop\\M & Rol Logistics\\web mrol\\importaciones-mrol\\vendor\\composer\\ClassLoader.php(571): include('...')
#2 C:\\Users\\TECH-LOG\\Desktop\\M & Rol Logistics\\web mrol\\importaciones-mrol\\vendor\\composer\\ClassLoader.php(428): Composer\\Autoload\\includeFile()
#3 C:\\Users\\TECH-LOG\\Desktop\\M & Rol Logistics\\web mrol\\importaciones-mrol\\vendor\\laravel\\framework\\src\\Illuminate\\Support\\helpers.php(110): Composer\\Autoload\\ClassLoader->loadClass()
#4 C:\\Users\\TECH-LOG\\Desktop\\M & Rol Logistics\\web mrol\\importaciones-mrol\\vendor\\laravel\\framework\\src\\Illuminate\\Foundation\\PackageManifest.php(130): collect()
#5 C:\\Users\\TECH-LOG\\Desktop\\M & Rol Logistics\\web mrol\\importaciones-mrol\\vendor\\laravel\\framework\\src\\Illuminate\\Foundation\\PackageManifest.php(106): Illuminate\\Foundation\\PackageManifest->build()
#6 C:\\Users\\TECH-LOG\\Desktop\\M & Rol Logistics\\web mrol\\importaciones-mrol\\vendor\\laravel\\framework\\src\\Illuminate\\Foundation\\PackageManifest.php(89): Illuminate\\Foundation\\PackageManifest->getManifest()
#7 C:\\Users\\TECH-LOG\\Desktop\\M & Rol Logistics\\web mrol\\importaciones-mrol\\vendor\\laravel\\framework\\src\\Illuminate\\Foundation\\PackageManifest.php(78): Illuminate\\Foundation\\PackageManifest->config()
#8 C:\\Users\\TECH-LOG\\Desktop\\M & Rol Logistics\\web mrol\\importaciones-mrol\\vendor\\laravel\\framework\\src\\Illuminate\\Foundation\\Bootstrap\\RegisterFacades.php(26): Illuminate\\Foundation\\PackageManifest->aliases()
#9 C:\\Users\\TECH-LOG\\Desktop\\M & Rol Logistics\\web mrol\\importaciones-mrol\\vendor\\laravel\\framework\\src\\Illuminate\\Foundation\\Application.php(230): Illuminate\\Foundation\\Bootstrap\\RegisterFacades->bootstrap()
#10 C:\\Users\\TECH-LOG\\Desktop\\M & Rol Logistics\\web mrol\\importaciones-mrol\\vendor\\laravel\\framework\\src\\Illuminate\\Foundation\\Console\\Kernel.php(310): Illuminate\\Foundation\\Application->bootstrapWith()
#11 C:\\Users\\TECH-LOG\\Desktop\\M & Rol Logistics\\web mrol\\importaciones-mrol\\vendor\\laravel\\framework\\src\\Illuminate\\Foundation\\Console\\Kernel.php(127): Illuminate\\Foundation\\Console\\Kernel->bootstrap()
#12 Command line code(1): Illuminate\\Foundation\\Console\\Kernel->handle()
#13 {main} at C:\\Users\\TECH-LOG\\Desktop\\M & Rol Logistics\\web mrol\\importaciones-mrol\\vendor\\laravel\\framework\\src\\Illuminate\\Support\\Collection.php:11)
[stacktrace]
#0 {main}
"} 
[2023-11-24 15:53:59] laravel.EMERGENCY: Unable to create configured logger. Using emergency logger. {"exception":"[object] (Error(code: 0): Class \"Illuminate\\Support\\Collection\" not found at C:\\Users\\TECH-LOG\\Desktop\\M & Rol Logistics\\web mrol\\importaciones-mrol\\vendor\\laravel\\framework\\src\\Illuminate\\Support\\helpers.php:110)
[stacktrace]
#0 C:\\Users\\TECH-LOG\\Desktop\\M & Rol Logistics\\web mrol\\importaciones-mrol\\vendor\\laravel\\framework\\src\\Illuminate\\Log\\LogManager.php(240): collect()
#1 C:\\Users\\TECH-LOG\\Desktop\\M & Rol Logistics\\web mrol\\importaciones-mrol\\vendor\\laravel\\framework\\src\\Illuminate\\Log\\LogManager.php(202): Illuminate\\Log\\LogManager->createStackDriver()
#2 C:\\Users\\TECH-LOG\\Desktop\\M & Rol Logistics\\web mrol\\importaciones-mrol\\vendor\\laravel\\framework\\src\\Illuminate\\Log\\LogManager.php(118): Illuminate\\Log\\LogManager->resolve()
#3 C:\\Users\\TECH-LOG\\Desktop\\M & Rol Logistics\\web mrol\\importaciones-mrol\\vendor\\laravel\\framework\\src\\Illuminate\\Log\\LogManager.php(98): Illuminate\\Log\\LogManager->get()
#4 C:\\Users\\TECH-LOG\\Desktop\\M & Rol Logistics\\web mrol\\importaciones-mrol\\vendor\\laravel\\framework\\src\\Illuminate\\Log\\LogManager.php(543): Illuminate\\Log\\LogManager->driver()
#5 C:\\Users\\TECH-LOG\\Desktop\\M & Rol Logistics\\web mrol\\importaciones-mrol\\vendor\\laravel\\framework\\src\\Illuminate\\Foundation\\Exceptions\\Handler.php(118): Illuminate\\Log\\LogManager->error()
#6 C:\\Users\\TECH-LOG\\Desktop\\M & Rol Logistics\\web mrol\\importaciones-mrol\\app\\Exceptions\\Handler.php(39): Illuminate\\Foundation\\Exceptions\\Handler->report()
#7 C:\\Users\\TECH-LOG\\Desktop\\M & Rol Logistics\\web mrol\\importaciones-mrol\\vendor\\laravel\\framework\\src\\Illuminate\\Foundation\\Bootstrap\\HandleExceptions.php(88): App\\Exceptions\\Handler->report()
#8 C:\\Users\\TECH-LOG\\Desktop\\M & Rol Logistics\\web mrol\\importaciones-mrol\\vendor\\laravel\\framework\\src\\Illuminate\\Foundation\\Bootstrap\\HandleExceptions.php(130): Illuminate\\Foundation\\Bootstrap\\HandleExceptions->handleException()
#9 [internal function]: Illuminate\\Foundation\\Bootstrap\\HandleExceptions->handleShutdown()
#10 {main}
"} 
[2023-11-24 15:53:59] laravel.ERROR: During inheritance of ArrayAccess: Uncaught ErrorException: Return type of Illuminate\Support\Collection::offsetExists($key) should either be compatible with ArrayAccess::offsetExists(mixed $offset): bool, or the #[\ReturnTypeWillChange] attribute should be used to temporarily suppress the notice in C:\Users\TECH-LOG\Desktop\M & Rol Logistics\web mrol\importaciones-mrol\vendor\laravel\framework\src\Illuminate\Support\Collection.php:1349
Stack trace:
#0 C:\Users\TECH-LOG\Desktop\M & Rol Logistics\web mrol\importaciones-mrol\vendor\laravel\framework\src\Illuminate\Support\Collection.php(11): Illuminate\Foundation\Bootstrap\HandleExceptions->handleError()
#1 C:\Users\TECH-LOG\Desktop\M & Rol Logistics\web mrol\importaciones-mrol\vendor\composer\ClassLoader.php(571): include('...')
#2 C:\Users\TECH-LOG\Desktop\M & Rol Logistics\web mrol\importaciones-mrol\vendor\composer\ClassLoader.php(428): Composer\Autoload\includeFile()
#3 C:\Users\TECH-LOG\Desktop\M & Rol Logistics\web mrol\importaciones-mrol\vendor\laravel\framework\src\Illuminate\Support\helpers.php(110): Composer\Autoload\ClassLoader->loadClass()
#4 C:\Users\TECH-LOG\Desktop\M & Rol Logistics\web mrol\importaciones-mrol\vendor\laravel\framework\src\Illuminate\Foundation\PackageManifest.php(130): collect()
#5 C:\Users\TECH-LOG\Desktop\M & Rol Logistics\web mrol\importaciones-mrol\vendor\laravel\framework\src\Illuminate\Foundation\PackageManifest.php(106): Illuminate\Foundation\PackageManifest->build()
#6 C:\Users\TECH-LOG\Desktop\M & Rol Logistics\web mrol\importaciones-mrol\vendor\laravel\framework\src\Illuminate\Foundation\PackageManifest.php(89): Illuminate\Foundation\PackageManifest->getManifest()
#7 C:\Users\TECH-LOG\Desktop\M & Rol Logistics\web mrol\importaciones-mrol\vendor\laravel\framework\src\Illuminate\Foundation\PackageManifest.php(78): Illuminate\Foundation\PackageManifest->config()
#8 C:\Users\TECH-LOG\Desktop\M & Rol Logistics\web mrol\importaciones-mrol\vendor\laravel\framework\src\Illuminate\Foundation\Bootstrap\RegisterFacades.php(26): Illuminate\Foundation\PackageManifest->aliases()
#9 C:\Users\TECH-LOG\Desktop\M & Rol Logistics\web mrol\importaciones-mrol\vendor\laravel\framework\src\Illuminate\Foundation\Application.php(230): Illuminate\Foundation\Bootstrap\RegisterFacades->bootstrap()
#10 C:\Users\TECH-LOG\Desktop\M & Rol Logistics\web mrol\importaciones-mrol\vendor\laravel\framework\src\Illuminate\Foundation\Console\Kernel.php(310): Illuminate\Foundation\Application->bootstrapWith()
#11 C:\Users\TECH-LOG\Desktop\M & Rol Logistics\web mrol\importaciones-mrol\vendor\laravel\framework\src\Illuminate\Foundation\Console\Kernel.php(127): Illuminate\Foundation\Console\Kernel->bootstrap()
#12 Command line code(1): Illuminate\Foundation\Console\Kernel->handle()
#13 {main} {"exception":"[object] (Symfony\\Component\\ErrorHandler\\Error\\FatalError(code: 0): During inheritance of ArrayAccess: Uncaught ErrorException: Return type of Illuminate\\Support\\Collection::offsetExists($key) should either be compatible with ArrayAccess::offsetExists(mixed $offset): bool, or the #[\\ReturnTypeWillChange] attribute should be used to temporarily suppress the notice in C:\\Users\\TECH-LOG\\Desktop\\M & Rol Logistics\\web mrol\\importaciones-mrol\\vendor\\laravel\\framework\\src\\Illuminate\\Support\\Collection.php:1349
Stack trace:
#0 C:\\Users\\TECH-LOG\\Desktop\\M & Rol Logistics\\web mrol\\importaciones-mrol\\vendor\\laravel\\framework\\src\\Illuminate\\Support\\Collection.php(11): Illuminate\\Foundation\\Bootstrap\\HandleExceptions->handleError()
#1 C:\\Users\\TECH-LOG\\Desktop\\M & Rol Logistics\\web mrol\\importaciones-mrol\\vendor\\composer\\ClassLoader.php(571): include('...')
#2 C:\\Users\\TECH-LOG\\Desktop\\M & Rol Logistics\\web mrol\\importaciones-mrol\\vendor\\composer\\ClassLoader.php(428): Composer\\Autoload\\includeFile()
#3 C:\\Users\\TECH-LOG\\Desktop\\M & Rol Logistics\\web mrol\\importaciones-mrol\\vendor\\laravel\\framework\\src\\Illuminate\\Support\\helpers.php(110): Composer\\Autoload\\ClassLoader->loadClass()
#4 C:\\Users\\TECH-LOG\\Desktop\\M & Rol Logistics\\web mrol\\importaciones-mrol\\vendor\\laravel\\framework\\src\\Illuminate\\Foundation\\PackageManifest.php(130): collect()
#5 C:\\Users\\TECH-LOG\\Desktop\\M & Rol Logistics\\web mrol\\importaciones-mrol\\vendor\\laravel\\framework\\src\\Illuminate\\Foundation\\PackageManifest.php(106): Illuminate\\Foundation\\PackageManifest->build()
#6 C:\\Users\\TECH-LOG\\Desktop\\M & Rol Logistics\\web mrol\\importaciones-mrol\\vendor\\laravel\\framework\\src\\Illuminate\\Foundation\\PackageManifest.php(89): Illuminate\\Foundation\\PackageManifest->getManifest()
#7 C:\\Users\\TECH-LOG\\Desktop\\M & Rol Logistics\\web mrol\\importaciones-mrol\\vendor\\laravel\\framework\\src\\Illuminate\\Foundation\\PackageManifest.php(78): Illuminate\\Foundation\\PackageManifest->config()
#8 C:\\Users\\TECH-LOG\\Desktop\\M & Rol Logistics\\web mrol\\importaciones-mrol\\vendor\\laravel\\framework\\src\\Illuminate\\Foundation\\Bootstrap\\RegisterFacades.php(26): Illuminate\\Foundation\\PackageManifest->aliases()
#9 C:\\Users\\TECH-LOG\\Desktop\\M & Rol Logistics\\web mrol\\importaciones-mrol\\vendor\\laravel\\framework\\src\\Illuminate\\Foundation\\Application.php(230): Illuminate\\Foundation\\Bootstrap\\RegisterFacades->bootstrap()
#10 C:\\Users\\TECH-LOG\\Desktop\\M & Rol Logistics\\web mrol\\importaciones-mrol\\vendor\\laravel\\framework\\src\\Illuminate\\Foundation\\Console\\Kernel.php(310): Illuminate\\Foundation\\Application->bootstrapWith()
#11 C:\\Users\\TECH-LOG\\Desktop\\M & Rol Logistics\\web mrol\\importaciones-mrol\\vendor\\laravel\\framework\\src\\Illuminate\\Foundation\\Console\\Kernel.php(127): Illuminate\\Foundation\\Console\\Kernel->bootstrap()
#12 Command line code(1): Illuminate\\Foundation\\Console\\Kernel->handle()
#13 {main} at C:\\Users\\TECH-LOG\\Desktop\\M & Rol Logistics\\web mrol\\importaciones-mrol\\vendor\\laravel\\framework\\src\\Illuminate\\Support\\Collection.php:11)
[stacktrace]
#0 {main}
"} 
[2023-11-24 15:53:59] laravel.EMERGENCY: Unable to create configured logger. Using emergency logger. {"exception":"[object] (Error(code: 0): Class \"Illuminate\\Support\\Collection\" not found at C:\\Users\\TECH-LOG\\Desktop\\M & Rol Logistics\\web mrol\\importaciones-mrol\\vendor\\laravel\\framework\\src\\Illuminate\\Support\\helpers.php:110)
[stacktrace]
#0 C:\\Users\\TECH-LOG\\Desktop\\M & Rol Logistics\\web mrol\\importaciones-mrol\\vendor\\laravel\\framework\\src\\Illuminate\\Log\\LogManager.php(240): collect()
#1 C:\\Users\\TECH-LOG\\Desktop\\M & Rol Logistics\\web mrol\\importaciones-mrol\\vendor\\laravel\\framework\\src\\Illuminate\\Log\\LogManager.php(202): Illuminate\\Log\\LogManager->createStackDriver()
#2 C:\\Users\\TECH-LOG\\Desktop\\M & Rol Logistics\\web mrol\\importaciones-mrol\\vendor\\laravel\\framework\\src\\Illuminate\\Log\\LogManager.php(118): Illuminate\\Log\\LogManager->resolve()
#3 C:\\Users\\TECH-LOG\\Desktop\\M & Rol Logistics\\web mrol\\importaciones-mrol\\vendor\\laravel\\framework\\src\\Illuminate\\Log\\LogManager.php(98): Illuminate\\Log\\LogManager->get()
#4 C:\\Users\\TECH-LOG\\Desktop\\M & Rol Logistics\\web mrol\\importaciones-mrol\\vendor\\laravel\\framework\\src\\Illuminate\\Log\\LogManager.php(543): Illuminate\\Log\\LogManager->driver()
#5 C:\\Users\\TECH-LOG\\Desktop\\M & Rol Logistics\\web mrol\\importaciones-mrol\\vendor\\laravel\\framework\\src\\Illuminate\\Foundation\\Exceptions\\Handler.php(118): Illuminate\\Log\\LogManager->error()
#6 C:\\Users\\TECH-LOG\\Desktop\\M & Rol Logistics\\web mrol\\importaciones-mrol\\app\\Exceptions\\Handler.php(39): Illuminate\\Foundation\\Exceptions\\Handler->report()
#7 C:\\Users\\TECH-LOG\\Desktop\\M & Rol Logistics\\web mrol\\importaciones-mrol\\vendor\\laravel\\framework\\src\\Illuminate\\Foundation\\Bootstrap\\HandleExceptions.php(88): App\\Exceptions\\Handler->report()
#8 C:\\Users\\TECH-LOG\\Desktop\\M & Rol Logistics\\web mrol\\importaciones-mrol\\vendor\\laravel\\framework\\src\\Illuminate\\Foundation\\Bootstrap\\HandleExceptions.php(130): Illuminate\\Foundation\\Bootstrap\\HandleExceptions->handleException()
#9 [internal function]: Illuminate\\Foundation\\Bootstrap\\HandleExceptions->handleShutdown()
#10 {main}
"} 
[2023-11-24 15:53:59] laravel.ERROR: During inheritance of ArrayAccess: Uncaught ErrorException: Return type of Illuminate\Support\Collection::offsetExists($key) should either be compatible with ArrayAccess::offsetExists(mixed $offset): bool, or the #[\ReturnTypeWillChange] attribute should be used to temporarily suppress the notice in C:\Users\TECH-LOG\Desktop\M & Rol Logistics\web mrol\importaciones-mrol\vendor\laravel\framework\src\Illuminate\Support\Collection.php:1349
Stack trace:
#0 C:\Users\TECH-LOG\Desktop\M & Rol Logistics\web mrol\importaciones-mrol\vendor\laravel\framework\src\Illuminate\Support\Collection.php(11): Illuminate\Foundation\Bootstrap\HandleExceptions->handleError()
#1 C:\Users\TECH-LOG\Desktop\M & Rol Logistics\web mrol\importaciones-mrol\vendor\composer\ClassLoader.php(571): include('...')
#2 C:\Users\TECH-LOG\Desktop\M & Rol Logistics\web mrol\importaciones-mrol\vendor\composer\ClassLoader.php(428): Composer\Autoload\includeFile()
#3 C:\Users\TECH-LOG\Desktop\M & Rol Logistics\web mrol\importaciones-mrol\vendor\laravel\framework\src\Illuminate\Support\helpers.php(110): Composer\Autoload\ClassLoader->loadClass()
#4 C:\Users\TECH-LOG\Desktop\M & Rol Logistics\web mrol\importaciones-mrol\vendor\laravel\framework\src\Illuminate\Foundation\PackageManifest.php(130): collect()
#5 C:\Users\TECH-LOG\Desktop\M & Rol Logistics\web mrol\importaciones-mrol\vendor\laravel\framework\src\Illuminate\Foundation\PackageManifest.php(106): Illuminate\Foundation\PackageManifest->build()
#6 C:\Users\TECH-LOG\Desktop\M & Rol Logistics\web mrol\importaciones-mrol\vendor\laravel\framework\src\Illuminate\Foundation\PackageManifest.php(89): Illuminate\Foundation\PackageManifest->getManifest()
#7 C:\Users\TECH-LOG\Desktop\M & Rol Logistics\web mrol\importaciones-mrol\vendor\laravel\framework\src\Illuminate\Foundation\PackageManifest.php(78): Illuminate\Foundation\PackageManifest->config()
#8 C:\Users\TECH-LOG\Desktop\M & Rol Logistics\web mrol\importaciones-mrol\vendor\laravel\framework\src\Illuminate\Foundation\Bootstrap\RegisterFacades.php(26): Illuminate\Foundation\PackageManifest->aliases()
#9 C:\Users\TECH-LOG\Desktop\M & Rol Logistics\web mrol\importaciones-mrol\vendor\laravel\framework\src\Illuminate\Foundation\Application.php(230): Illuminate\Foundation\Bootstrap\RegisterFacades->bootstrap()
#10 C:\Users\TECH-LOG\Desktop\M & Rol Logistics\web mrol\importaciones-mrol\vendor\laravel\framework\src\Illuminate\Foundation\Console\Kernel.php(310): Illuminate\Foundation\Application->bootstrapWith()
#11 C:\Users\TECH-LOG\Desktop\M & Rol Logistics\web mrol\importaciones-mrol\vendor\laravel\framework\src\Illuminate\Foundation\Console\Kernel.php(127): Illuminate\Foundation\Console\Kernel->bootstrap()
#12 Command line code(1): Illuminate\Foundation\Console\Kernel->handle()
#13 {main} {"exception":"[object] (Symfony\\Component\\ErrorHandler\\Error\\FatalError(code: 0): During inheritance of ArrayAccess: Uncaught ErrorException: Return type of Illuminate\\Support\\Collection::offsetExists($key) should either be compatible with ArrayAccess::offsetExists(mixed $offset): bool, or the #[\\ReturnTypeWillChange] attribute should be used to temporarily suppress the notice in C:\\Users\\TECH-LOG\\Desktop\\M & Rol Logistics\\web mrol\\importaciones-mrol\\vendor\\laravel\\framework\\src\\Illuminate\\Support\\Collection.php:1349
Stack trace:
#0 C:\\Users\\TECH-LOG\\Desktop\\M & Rol Logistics\\web mrol\\importaciones-mrol\\vendor\\laravel\\framework\\src\\Illuminate\\Support\\Collection.php(11): Illuminate\\Foundation\\Bootstrap\\HandleExceptions->handleError()
#1 C:\\Users\\TECH-LOG\\Desktop\\M & Rol Logistics\\web mrol\\importaciones-mrol\\vendor\\composer\\ClassLoader.php(571): include('...')
#2 C:\\Users\\TECH-LOG\\Desktop\\M & Rol Logistics\\web mrol\\importaciones-mrol\\vendor\\composer\\ClassLoader.php(428): Composer\\Autoload\\includeFile()
#3 C:\\Users\\TECH-LOG\\Desktop\\M & Rol Logistics\\web mrol\\importaciones-mrol\\vendor\\laravel\\framework\\src\\Illuminate\\Support\\helpers.php(110): Composer\\Autoload\\ClassLoader->loadClass()
#4 C:\\Users\\TECH-LOG\\Desktop\\M & Rol Logistics\\web mrol\\importaciones-mrol\\vendor\\laravel\\framework\\src\\Illuminate\\Foundation\\PackageManifest.php(130): collect()
#5 C:\\Users\\TECH-LOG\\Desktop\\M & Rol Logistics\\web mrol\\importaciones-mrol\\vendor\\laravel\\framework\\src\\Illuminate\\Foundation\\PackageManifest.php(106): Illuminate\\Foundation\\PackageManifest->build()
#6 C:\\Users\\TECH-LOG\\Desktop\\M & Rol Logistics\\web mrol\\importaciones-mrol\\vendor\\laravel\\framework\\src\\Illuminate\\Foundation\\PackageManifest.php(89): Illuminate\\Foundation\\PackageManifest->getManifest()
#7 C:\\Users\\TECH-LOG\\Desktop\\M & Rol Logistics\\web mrol\\importaciones-mrol\\vendor\\laravel\\framework\\src\\Illuminate\\Foundation\\PackageManifest.php(78): Illuminate\\Foundation\\PackageManifest->config()
#8 C:\\Users\\TECH-LOG\\Desktop\\M & Rol Logistics\\web mrol\\importaciones-mrol\\vendor\\laravel\\framework\\src\\Illuminate\\Foundation\\Bootstrap\\RegisterFacades.php(26): Illuminate\\Foundation\\PackageManifest->aliases()
#9 C:\\Users\\TECH-LOG\\Desktop\\M & Rol Logistics\\web mrol\\importaciones-mrol\\vendor\\laravel\\framework\\src\\Illuminate\\Foundation\\Application.php(230): Illuminate\\Foundation\\Bootstrap\\RegisterFacades->bootstrap()
#10 C:\\Users\\TECH-LOG\\Desktop\\M & Rol Logistics\\web mrol\\importaciones-mrol\\vendor\\laravel\\framework\\src\\Illuminate\\Foundation\\Console\\Kernel.php(310): Illuminate\\Foundation\\Application->bootstrapWith()
#11 C:\\Users\\TECH-LOG\\Desktop\\M & Rol Logistics\\web mrol\\importaciones-mrol\\vendor\\laravel\\framework\\src\\Illuminate\\Foundation\\Console\\Kernel.php(127): Illuminate\\Foundation\\Console\\Kernel->bootstrap()
#12 Command line code(1): Illuminate\\Foundation\\Console\\Kernel->handle()
#13 {main} at C:\\Users\\TECH-LOG\\Desktop\\M & Rol Logistics\\web mrol\\importaciones-mrol\\vendor\\laravel\\framework\\src\\Illuminate\\Support\\Collection.php:11)
[stacktrace]
#0 {main}
"} 
[2023-11-24 15:54:59] laravel.EMERGENCY: Unable to create configured logger. Using emergency logger. {"exception":"[object] (Error(code: 0): Class \"Illuminate\\Support\\Collection\" not found at C:\\Users\\TECH-LOG\\Desktop\\M & Rol Logistics\\web mrol\\importaciones-mrol\\vendor\\laravel\\framework\\src\\Illuminate\\Support\\helpers.php:110)
[stacktrace]
#0 C:\\Users\\TECH-LOG\\Desktop\\M & Rol Logistics\\web mrol\\importaciones-mrol\\vendor\\laravel\\framework\\src\\Illuminate\\Log\\LogManager.php(240): collect()
#1 C:\\Users\\TECH-LOG\\Desktop\\M & Rol Logistics\\web mrol\\importaciones-mrol\\vendor\\laravel\\framework\\src\\Illuminate\\Log\\LogManager.php(202): Illuminate\\Log\\LogManager->createStackDriver()
#2 C:\\Users\\TECH-LOG\\Desktop\\M & Rol Logistics\\web mrol\\importaciones-mrol\\vendor\\laravel\\framework\\src\\Illuminate\\Log\\LogManager.php(118): Illuminate\\Log\\LogManager->resolve()
#3 C:\\Users\\TECH-LOG\\Desktop\\M & Rol Logistics\\web mrol\\importaciones-mrol\\vendor\\laravel\\framework\\src\\Illuminate\\Log\\LogManager.php(98): Illuminate\\Log\\LogManager->get()
#4 C:\\Users\\TECH-LOG\\Desktop\\M & Rol Logistics\\web mrol\\importaciones-mrol\\vendor\\laravel\\framework\\src\\Illuminate\\Log\\LogManager.php(543): Illuminate\\Log\\LogManager->driver()
#5 C:\\Users\\TECH-LOG\\Desktop\\M & Rol Logistics\\web mrol\\importaciones-mrol\\vendor\\laravel\\framework\\src\\Illuminate\\Foundation\\Exceptions\\Handler.php(118): Illuminate\\Log\\LogManager->error()
#6 C:\\Users\\TECH-LOG\\Desktop\\M & Rol Logistics\\web mrol\\importaciones-mrol\\app\\Exceptions\\Handler.php(39): Illuminate\\Foundation\\Exceptions\\Handler->report()
#7 C:\\Users\\TECH-LOG\\Desktop\\M & Rol Logistics\\web mrol\\importaciones-mrol\\vendor\\laravel\\framework\\src\\Illuminate\\Foundation\\Bootstrap\\HandleExceptions.php(88): App\\Exceptions\\Handler->report()
#8 C:\\Users\\TECH-LOG\\Desktop\\M & Rol Logistics\\web mrol\\importaciones-mrol\\vendor\\laravel\\framework\\src\\Illuminate\\Foundation\\Bootstrap\\HandleExceptions.php(130): Illuminate\\Foundation\\Bootstrap\\HandleExceptions->handleException()
#9 [internal function]: Illuminate\\Foundation\\Bootstrap\\HandleExceptions->handleShutdown()
#10 {main}
"} 
[2023-11-24 15:54:59] laravel.ERROR: During inheritance of ArrayAccess: Uncaught ErrorException: Return type of Illuminate\Support\Collection::offsetExists($key) should either be compatible with ArrayAccess::offsetExists(mixed $offset): bool, or the #[\ReturnTypeWillChange] attribute should be used to temporarily suppress the notice in C:\Users\TECH-LOG\Desktop\M & Rol Logistics\web mrol\importaciones-mrol\vendor\laravel\framework\src\Illuminate\Support\Collection.php:1349
Stack trace:
#0 C:\Users\TECH-LOG\Desktop\M & Rol Logistics\web mrol\importaciones-mrol\vendor\laravel\framework\src\Illuminate\Support\Collection.php(11): Illuminate\Foundation\Bootstrap\HandleExceptions->handleError()
#1 C:\Users\TECH-LOG\Desktop\M & Rol Logistics\web mrol\importaciones-mrol\vendor\composer\ClassLoader.php(571): include('...')
#2 C:\Users\TECH-LOG\Desktop\M & Rol Logistics\web mrol\importaciones-mrol\vendor\composer\ClassLoader.php(428): Composer\Autoload\includeFile()
#3 C:\Users\TECH-LOG\Desktop\M & Rol Logistics\web mrol\importaciones-mrol\vendor\laravel\framework\src\Illuminate\Support\helpers.php(110): Composer\Autoload\ClassLoader->loadClass()
#4 C:\Users\TECH-LOG\Desktop\M & Rol Logistics\web mrol\importaciones-mrol\vendor\laravel\framework\src\Illuminate\Foundation\PackageManifest.php(130): collect()
#5 C:\Users\TECH-LOG\Desktop\M & Rol Logistics\web mrol\importaciones-mrol\vendor\laravel\framework\src\Illuminate\Foundation\PackageManifest.php(106): Illuminate\Foundation\PackageManifest->build()
#6 C:\Users\TECH-LOG\Desktop\M & Rol Logistics\web mrol\importaciones-mrol\vendor\laravel\framework\src\Illuminate\Foundation\PackageManifest.php(89): Illuminate\Foundation\PackageManifest->getManifest()
#7 C:\Users\TECH-LOG\Desktop\M & Rol Logistics\web mrol\importaciones-mrol\vendor\laravel\framework\src\Illuminate\Foundation\PackageManifest.php(78): Illuminate\Foundation\PackageManifest->config()
#8 C:\Users\TECH-LOG\Desktop\M & Rol Logistics\web mrol\importaciones-mrol\vendor\laravel\framework\src\Illuminate\Foundation\Bootstrap\RegisterFacades.php(26): Illuminate\Foundation\PackageManifest->aliases()
#9 C:\Users\TECH-LOG\Desktop\M & Rol Logistics\web mrol\importaciones-mrol\vendor\laravel\framework\src\Illuminate\Foundation\Application.php(230): Illuminate\Foundation\Bootstrap\RegisterFacades->bootstrap()
#10 C:\Users\TECH-LOG\Desktop\M & Rol Logistics\web mrol\importaciones-mrol\vendor\laravel\framework\src\Illuminate\Foundation\Console\Kernel.php(310): Illuminate\Foundation\Application->bootstrapWith()
#11 C:\Users\TECH-LOG\Desktop\M & Rol Logistics\web mrol\importaciones-mrol\vendor\laravel\framework\src\Illuminate\Foundation\Console\Kernel.php(127): Illuminate\Foundation\Console\Kernel->bootstrap()
#12 Command line code(1): Illuminate\Foundation\Console\Kernel->handle()
#13 {main} {"exception":"[object] (Symfony\\Component\\ErrorHandler\\Error\\FatalError(code: 0): During inheritance of ArrayAccess: Uncaught ErrorException: Return type of Illuminate\\Support\\Collection::offsetExists($key) should either be compatible with ArrayAccess::offsetExists(mixed $offset): bool, or the #[\\ReturnTypeWillChange] attribute should be used to temporarily suppress the notice in C:\\Users\\TECH-LOG\\Desktop\\M & Rol Logistics\\web mrol\\importaciones-mrol\\vendor\\laravel\\framework\\src\\Illuminate\\Support\\Collection.php:1349
Stack trace:
#0 C:\\Users\\TECH-LOG\\Desktop\\M & Rol Logistics\\web mrol\\importaciones-mrol\\vendor\\laravel\\framework\\src\\Illuminate\\Support\\Collection.php(11): Illuminate\\Foundation\\Bootstrap\\HandleExceptions->handleError()
#1 C:\\Users\\TECH-LOG\\Desktop\\M & Rol Logistics\\web mrol\\importaciones-mrol\\vendor\\composer\\ClassLoader.php(571): include('...')
#2 C:\\Users\\TECH-LOG\\Desktop\\M & Rol Logistics\\web mrol\\importaciones-mrol\\vendor\\composer\\ClassLoader.php(428): Composer\\Autoload\\includeFile()
#3 C:\\Users\\TECH-LOG\\Desktop\\M & Rol Logistics\\web mrol\\importaciones-mrol\\vendor\\laravel\\framework\\src\\Illuminate\\Support\\helpers.php(110): Composer\\Autoload\\ClassLoader->loadClass()
#4 C:\\Users\\TECH-LOG\\Desktop\\M & Rol Logistics\\web mrol\\importaciones-mrol\\vendor\\laravel\\framework\\src\\Illuminate\\Foundation\\PackageManifest.php(130): collect()
#5 C:\\Users\\TECH-LOG\\Desktop\\M & Rol Logistics\\web mrol\\importaciones-mrol\\vendor\\laravel\\framework\\src\\Illuminate\\Foundation\\PackageManifest.php(106): Illuminate\\Foundation\\PackageManifest->build()
#6 C:\\Users\\TECH-LOG\\Desktop\\M & Rol Logistics\\web mrol\\importaciones-mrol\\vendor\\laravel\\framework\\src\\Illuminate\\Foundation\\PackageManifest.php(89): Illuminate\\Foundation\\PackageManifest->getManifest()
#7 C:\\Users\\TECH-LOG\\Desktop\\M & Rol Logistics\\web mrol\\importaciones-mrol\\vendor\\laravel\\framework\\src\\Illuminate\\Foundation\\PackageManifest.php(78): Illuminate\\Foundation\\PackageManifest->config()
#8 C:\\Users\\TECH-LOG\\Desktop\\M & Rol Logistics\\web mrol\\importaciones-mrol\\vendor\\laravel\\framework\\src\\Illuminate\\Foundation\\Bootstrap\\RegisterFacades.php(26): Illuminate\\Foundation\\PackageManifest->aliases()
#9 C:\\Users\\TECH-LOG\\Desktop\\M & Rol Logistics\\web mrol\\importaciones-mrol\\vendor\\laravel\\framework\\src\\Illuminate\\Foundation\\Application.php(230): Illuminate\\Foundation\\Bootstrap\\RegisterFacades->bootstrap()
#10 C:\\Users\\TECH-LOG\\Desktop\\M & Rol Logistics\\web mrol\\importaciones-mrol\\vendor\\laravel\\framework\\src\\Illuminate\\Foundation\\Console\\Kernel.php(310): Illuminate\\Foundation\\Application->bootstrapWith()
#11 C:\\Users\\TECH-LOG\\Desktop\\M & Rol Logistics\\web mrol\\importaciones-mrol\\vendor\\laravel\\framework\\src\\Illuminate\\Foundation\\Console\\Kernel.php(127): Illuminate\\Foundation\\Console\\Kernel->bootstrap()
#12 Command line code(1): Illuminate\\Foundation\\Console\\Kernel->handle()
#13 {main} at C:\\Users\\TECH-LOG\\Desktop\\M & Rol Logistics\\web mrol\\importaciones-mrol\\vendor\\laravel\\framework\\src\\Illuminate\\Support\\Collection.php:11)
[stacktrace]
#0 {main}
"} 
[2023-11-24 15:54:59] laravel.EMERGENCY: Unable to create configured logger. Using emergency logger. {"exception":"[object] (Error(code: 0): Class \"Illuminate\\Support\\Collection\" not found at C:\\Users\\TECH-LOG\\Desktop\\M & Rol Logistics\\web mrol\\importaciones-mrol\\vendor\\laravel\\framework\\src\\Illuminate\\Support\\helpers.php:110)
[stacktrace]
#0 C:\\Users\\TECH-LOG\\Desktop\\M & Rol Logistics\\web mrol\\importaciones-mrol\\vendor\\laravel\\framework\\src\\Illuminate\\Log\\LogManager.php(240): collect()
#1 C:\\Users\\TECH-LOG\\Desktop\\M & Rol Logistics\\web mrol\\importaciones-mrol\\vendor\\laravel\\framework\\src\\Illuminate\\Log\\LogManager.php(202): Illuminate\\Log\\LogManager->createStackDriver()
#2 C:\\Users\\TECH-LOG\\Desktop\\M & Rol Logistics\\web mrol\\importaciones-mrol\\vendor\\laravel\\framework\\src\\Illuminate\\Log\\LogManager.php(118): Illuminate\\Log\\LogManager->resolve()
#3 C:\\Users\\TECH-LOG\\Desktop\\M & Rol Logistics\\web mrol\\importaciones-mrol\\vendor\\laravel\\framework\\src\\Illuminate\\Log\\LogManager.php(98): Illuminate\\Log\\LogManager->get()
#4 C:\\Users\\TECH-LOG\\Desktop\\M & Rol Logistics\\web mrol\\importaciones-mrol\\vendor\\laravel\\framework\\src\\Illuminate\\Log\\LogManager.php(543): Illuminate\\Log\\LogManager->driver()
#5 C:\\Users\\TECH-LOG\\Desktop\\M & Rol Logistics\\web mrol\\importaciones-mrol\\vendor\\laravel\\framework\\src\\Illuminate\\Foundation\\Exceptions\\Handler.php(118): Illuminate\\Log\\LogManager->error()
#6 C:\\Users\\TECH-LOG\\Desktop\\M & Rol Logistics\\web mrol\\importaciones-mrol\\app\\Exceptions\\Handler.php(39): Illuminate\\Foundation\\Exceptions\\Handler->report()
#7 C:\\Users\\TECH-LOG\\Desktop\\M & Rol Logistics\\web mrol\\importaciones-mrol\\vendor\\laravel\\framework\\src\\Illuminate\\Foundation\\Bootstrap\\HandleExceptions.php(88): App\\Exceptions\\Handler->report()
#8 C:\\Users\\TECH-LOG\\Desktop\\M & Rol Logistics\\web mrol\\importaciones-mrol\\vendor\\laravel\\framework\\src\\Illuminate\\Foundation\\Bootstrap\\HandleExceptions.php(130): Illuminate\\Foundation\\Bootstrap\\HandleExceptions->handleException()
#9 [internal function]: Illuminate\\Foundation\\Bootstrap\\HandleExceptions->handleShutdown()
#10 {main}
"} 
[2023-11-24 15:54:59] laravel.ERROR: During inheritance of ArrayAccess: Uncaught ErrorException: Return type of Illuminate\Support\Collection::offsetExists($key) should either be compatible with ArrayAccess::offsetExists(mixed $offset): bool, or the #[\ReturnTypeWillChange] attribute should be used to temporarily suppress the notice in C:\Users\TECH-LOG\Desktop\M & Rol Logistics\web mrol\importaciones-mrol\vendor\laravel\framework\src\Illuminate\Support\Collection.php:1349
Stack trace:
#0 C:\Users\TECH-LOG\Desktop\M & Rol Logistics\web mrol\importaciones-mrol\vendor\laravel\framework\src\Illuminate\Support\Collection.php(11): Illuminate\Foundation\Bootstrap\HandleExceptions->handleError()
#1 C:\Users\TECH-LOG\Desktop\M & Rol Logistics\web mrol\importaciones-mrol\vendor\composer\ClassLoader.php(571): include('...')
#2 C:\Users\TECH-LOG\Desktop\M & Rol Logistics\web mrol\importaciones-mrol\vendor\composer\ClassLoader.php(428): Composer\Autoload\includeFile()
#3 C:\Users\TECH-LOG\Desktop\M & Rol Logistics\web mrol\importaciones-mrol\vendor\laravel\framework\src\Illuminate\Support\helpers.php(110): Composer\Autoload\ClassLoader->loadClass()
#4 C:\Users\TECH-LOG\Desktop\M & Rol Logistics\web mrol\importaciones-mrol\vendor\laravel\framework\src\Illuminate\Foundation\PackageManifest.php(130): collect()
#5 C:\Users\TECH-LOG\Desktop\M & Rol Logistics\web mrol\importaciones-mrol\vendor\laravel\framework\src\Illuminate\Foundation\PackageManifest.php(106): Illuminate\Foundation\PackageManifest->build()
#6 C:\Users\TECH-LOG\Desktop\M & Rol Logistics\web mrol\importaciones-mrol\vendor\laravel\framework\src\Illuminate\Foundation\PackageManifest.php(89): Illuminate\Foundation\PackageManifest->getManifest()
#7 C:\Users\TECH-LOG\Desktop\M & Rol Logistics\web mrol\importaciones-mrol\vendor\laravel\framework\src\Illuminate\Foundation\PackageManifest.php(78): Illuminate\Foundation\PackageManifest->config()
#8 C:\Users\TECH-LOG\Desktop\M & Rol Logistics\web mrol\importaciones-mrol\vendor\laravel\framework\src\Illuminate\Foundation\Bootstrap\RegisterFacades.php(26): Illuminate\Foundation\PackageManifest->aliases()
#9 C:\Users\TECH-LOG\Desktop\M & Rol Logistics\web mrol\importaciones-mrol\vendor\laravel\framework\src\Illuminate\Foundation\Application.php(230): Illuminate\Foundation\Bootstrap\RegisterFacades->bootstrap()
#10 C:\Users\TECH-LOG\Desktop\M & Rol Logistics\web mrol\importaciones-mrol\vendor\laravel\framework\src\Illuminate\Foundation\Console\Kernel.php(310): Illuminate\Foundation\Application->bootstrapWith()
#11 C:\Users\TECH-LOG\Desktop\M & Rol Logistics\web mrol\importaciones-mrol\vendor\laravel\framework\src\Illuminate\Foundation\Console\Kernel.php(127): Illuminate\Foundation\Console\Kernel->bootstrap()
#12 Command line code(1): Illuminate\Foundation\Console\Kernel->handle()
#13 {main} {"exception":"[object] (Symfony\\Component\\ErrorHandler\\Error\\FatalError(code: 0): During inheritance of ArrayAccess: Uncaught ErrorException: Return type of Illuminate\\Support\\Collection::offsetExists($key) should either be compatible with ArrayAccess::offsetExists(mixed $offset): bool, or the #[\\ReturnTypeWillChange] attribute should be used to temporarily suppress the notice in C:\\Users\\TECH-LOG\\Desktop\\M & Rol Logistics\\web mrol\\importaciones-mrol\\vendor\\laravel\\framework\\src\\Illuminate\\Support\\Collection.php:1349
Stack trace:
#0 C:\\Users\\TECH-LOG\\Desktop\\M & Rol Logistics\\web mrol\\importaciones-mrol\\vendor\\laravel\\framework\\src\\Illuminate\\Support\\Collection.php(11): Illuminate\\Foundation\\Bootstrap\\HandleExceptions->handleError()
#1 C:\\Users\\TECH-LOG\\Desktop\\M & Rol Logistics\\web mrol\\importaciones-mrol\\vendor\\composer\\ClassLoader.php(571): include('...')
#2 C:\\Users\\TECH-LOG\\Desktop\\M & Rol Logistics\\web mrol\\importaciones-mrol\\vendor\\composer\\ClassLoader.php(428): Composer\\Autoload\\includeFile()
#3 C:\\Users\\TECH-LOG\\Desktop\\M & Rol Logistics\\web mrol\\importaciones-mrol\\vendor\\laravel\\framework\\src\\Illuminate\\Support\\helpers.php(110): Composer\\Autoload\\ClassLoader->loadClass()
#4 C:\\Users\\TECH-LOG\\Desktop\\M & Rol Logistics\\web mrol\\importaciones-mrol\\vendor\\laravel\\framework\\src\\Illuminate\\Foundation\\PackageManifest.php(130): collect()
#5 C:\\Users\\TECH-LOG\\Desktop\\M & Rol Logistics\\web mrol\\importaciones-mrol\\vendor\\laravel\\framework\\src\\Illuminate\\Foundation\\PackageManifest.php(106): Illuminate\\Foundation\\PackageManifest->build()
#6 C:\\Users\\TECH-LOG\\Desktop\\M & Rol Logistics\\web mrol\\importaciones-mrol\\vendor\\laravel\\framework\\src\\Illuminate\\Foundation\\PackageManifest.php(89): Illuminate\\Foundation\\PackageManifest->getManifest()
#7 C:\\Users\\TECH-LOG\\Desktop\\M & Rol Logistics\\web mrol\\importaciones-mrol\\vendor\\laravel\\framework\\src\\Illuminate\\Foundation\\PackageManifest.php(78): Illuminate\\Foundation\\PackageManifest->config()
#8 C:\\Users\\TECH-LOG\\Desktop\\M & Rol Logistics\\web mrol\\importaciones-mrol\\vendor\\laravel\\framework\\src\\Illuminate\\Foundation\\Bootstrap\\RegisterFacades.php(26): Illuminate\\Foundation\\PackageManifest->aliases()
#9 C:\\Users\\TECH-LOG\\Desktop\\M & Rol Logistics\\web mrol\\importaciones-mrol\\vendor\\laravel\\framework\\src\\Illuminate\\Foundation\\Application.php(230): Illuminate\\Foundation\\Bootstrap\\RegisterFacades->bootstrap()
#10 C:\\Users\\TECH-LOG\\Desktop\\M & Rol Logistics\\web mrol\\importaciones-mrol\\vendor\\laravel\\framework\\src\\Illuminate\\Foundation\\Console\\Kernel.php(310): Illuminate\\Foundation\\Application->bootstrapWith()
#11 C:\\Users\\TECH-LOG\\Desktop\\M & Rol Logistics\\web mrol\\importaciones-mrol\\vendor\\laravel\\framework\\src\\Illuminate\\Foundation\\Console\\Kernel.php(127): Illuminate\\Foundation\\Console\\Kernel->bootstrap()
#12 Command line code(1): Illuminate\\Foundation\\Console\\Kernel->handle()
#13 {main} at C:\\Users\\TECH-LOG\\Desktop\\M & Rol Logistics\\web mrol\\importaciones-mrol\\vendor\\laravel\\framework\\src\\Illuminate\\Support\\Collection.php:11)
[stacktrace]
#0 {main}
"} 
